<?xml version="1.0" encoding="UTF-8"?>
<!-- Generated by org.testng.reporters.JUnitReportReporter -->
<testsuite hostname="DESKTOP-FV5OS2H" failures="0" tests="1" name="com.actitime.testscript.CreateProject" time="5.107" errors="0" timestamp="2025-01-04T22:35:54 IST" skipped="0">
  <testcase classname="com.actitime.testscript.CreateProject" name="testCreateProject" time="5.107"/>
  <system-out>
    <![CDATA[createProject]]>
  </system-out>
</testsuite> <!-- com.actitime.testscript.CreateProject -->
