<?xml version="1.0" encoding="UTF-8"?>
<!-- Generated by org.testng.reporters.JUnitReportReporter -->
<testsuite hostname="DESKTOP-FV5OS2H" failures="0" tests="4" name="com.actitime.testscript.Demo_DataProvider" time="35.374" errors="0" timestamp="2025-01-07T22:38:41 IST" skipped="0">
  <testcase classname="com.actitime.testscript.Demo_DataProvider" name="loginPage" time="10.180"/>
  <system-out/>
  <testcase classname="com.actitime.testscript.Demo_DataProvider" name="loginPage" time="9.886"/>
  <system-out/>
  <testcase classname="com.actitime.testscript.Demo_DataProvider" name="loginPage" time="6.231"/>
  <system-out/>
  <testcase classname="com.actitime.testscript.Demo_DataProvider" name="loginPage" time="9.077"/>
  <system-out/>
</testsuite> <!-- com.actitime.testscript.Demo_DataProvider -->
