<?xml version="1.0" encoding="UTF-8"?>
<!-- Generated by org.testng.reporters.JUnitReportReporter -->
<testsuite hostname="DESKTOP-FV5OS2H" failures="0" tests="2" name="com.actitime.testscript.CustomerModule" time="18.156" errors="0" timestamp="2025-01-07T20:04:00 IST" skipped="0">
  <testcase classname="com.actitime.testscript.CustomerModule" name="testCreateCustomer" time="8.030"/>
  <system-out>
    <![CDATA[createCustomer]]>
  </system-out>
  <testcase classname="com.actitime.testscript.CustomerModule" name="testDeleteCustomer" time="10.126"/>
  <system-out>
    <![CDATA[deleteCustomer]]>
  </system-out>
</testsuite> <!-- com.actitime.testscript.CustomerModule -->
