<?xml version="1.0" encoding="UTF-8"?>
<!-- Generated by org.testng.reporters.JUnitReportReporter -->
<testsuite hostname="DESKTOP-FV5OS2H" failures="0" tests="1" name="com.actitime.testscript.CreateUser" time="5.745" errors="0" timestamp="2025-01-04T22:35:54 IST" skipped="0">
  <testcase classname="com.actitime.testscript.CreateUser" name="createUser" time="5.745"/>
  <system-out>
    <![CDATA[createUser]]>
  </system-out>
</testsuite> <!-- com.actitime.testscript.CreateUser -->
